Flow report for SVI328_MiST
Mon May 19 22:02:35 2025
Quartus II 64-Bit Version 13.1.0 Build 162 10/23/2013 SJ Web Edition


---------------------
; Table of Contents ;
---------------------
  1. Legal Notice
  2. Flow Summary
  3. Flow Settings
  4. Flow Non-Default Global Settings
  5. Flow Elapsed Time
  6. Flow OS Summary
  7. Flow Log
  8. Flow Messages
  9. Flow Suppressed Messages



----------------
; Legal Notice ;
----------------
Copyright (C) 1991-2013 Altera Corporation
Your use of Altera Corporation's design tools, logic functions 
and other software and tools, and its AMPP partner logic 
functions, and any output files from any of the foregoing 
(including device programming or simulation files), and any 
associated documentation or information are expressly subject 
to the terms and conditions of the Altera Program License 
Subscription Agreement, Altera MegaCore Function License 
Agreement, or other applicable license agreement, including, 
without limitation, that your use is for the sole purpose of 
programming logic devices manufactured by Altera and sold by 
Altera or its authorized distributors.  Please refer to the 
applicable agreement for further details.



+---------------------------------------------------------------------------------+
; Flow Summary                                                                    ;
+------------------------------------+--------------------------------------------+
; Flow Status                        ; Successful - Mon May 19 22:02:29 2025      ;
; Quartus II 64-Bit Version          ; 13.1.0 Build 162 10/23/2013 SJ Web Edition ;
; Revision Name                      ; SVI328_MiST                                ;
; Top-level Entity Name              ; SVI328                                     ;
; Family                             ; Cyclone III                                ;
; Device                             ; EP3C25E144C8                               ;
; Timing Models                      ; Final                                      ;
; Total logic elements               ; 5,776 / 24,624 ( 23 % )                    ;
;     Total combinational functions  ; 5,521 / 24,624 ( 22 % )                    ;
;     Dedicated logic registers      ; 1,921 / 24,624 ( 8 % )                     ;
; Total registers                    ; 1990                                       ;
; Total pins                         ; 70 / 83 ( 84 % )                           ;
; Total virtual pins                 ; 0                                          ;
; Total memory bits                  ; 221,184 / 608,256 ( 36 % )                 ;
; Embedded Multiplier 9-bit elements ; 3 / 132 ( 2 % )                            ;
; Total PLLs                         ; 1 / 4 ( 25 % )                             ;
+------------------------------------+--------------------------------------------+


+-----------------------------------------+
; Flow Settings                           ;
+-------------------+---------------------+
; Option            ; Setting             ;
+-------------------+---------------------+
; Start date & time ; 05/19/2025 22:01:20 ;
; Main task         ; Compilation         ;
; Revision Name     ; SVI328_MiST         ;
+-------------------+---------------------+


+------------------------------------------------------------------------------------------------------------------------+
; Flow Non-Default Global Settings                                                                                       ;
+-------------------------------------+---------------------------------------+---------------+-------------+------------+
; Assignment Name                     ; Value                                 ; Default Value ; Entity Name ; Section Id ;
+-------------------------------------+---------------------------------------+---------------+-------------+------------+
; COMPILER_SIGNATURE_ID               ; 203061450774284.174768488011092       ; --            ; --          ; --         ;
; IP_TOOL_NAME                        ; ALTPLL                                ; --            ; --          ; --         ;
; IP_TOOL_VERSION                     ; 13.1                                  ; --            ; --          ; --         ;
; MAX_CORE_JUNCTION_TEMP              ; 85                                    ; --            ; --          ; --         ;
; MIN_CORE_JUNCTION_TEMP              ; 0                                     ; --            ; --          ; --         ;
; NUM_PARALLEL_PROCESSORS             ; All                                   ; --            ; --          ; --         ;
; OUTPUT_IO_TIMING_FAR_END_VMEAS      ; Half Signal Swing                     ; --            ; --          ; --         ;
; OUTPUT_IO_TIMING_FAR_END_VMEAS      ; Half Signal Swing                     ; --            ; --          ; --         ;
; OUTPUT_IO_TIMING_NEAR_END_VMEAS     ; Half Vccio                            ; --            ; --          ; --         ;
; OUTPUT_IO_TIMING_NEAR_END_VMEAS     ; Half Vccio                            ; --            ; --          ; --         ;
; PARTITION_COLOR                     ; 16764057                              ; --            ; SVI328      ; Top        ;
; PARTITION_FITTER_PRESERVATION_LEVEL ; PLACEMENT_AND_ROUTING                 ; --            ; SVI328      ; Top        ;
; PARTITION_NETLIST_TYPE              ; SOURCE                                ; --            ; SVI328      ; Top        ;
; POWER_BOARD_THERMAL_MODEL           ; None (CONSERVATIVE)                   ; --            ; --          ; --         ;
; POWER_PRESET_COOLING_SOLUTION       ; 23 MM HEAT SINK WITH 200 LFPM AIRFLOW ; --            ; --          ; --         ;
; PRE_FLOW_SCRIPT_FILE                ; quartus_sh:build_id.tcl               ; --            ; --          ; --         ;
; PROJECT_OUTPUT_DIRECTORY            ; output_files                          ; --            ; --          ; --         ;
; SMART_RECOMPILE                     ; On                                    ; Off           ; --          ; --         ;
; TOP_LEVEL_ENTITY                    ; SVI328                                ; SVI328_MiST   ; --          ; --         ;
+-------------------------------------+---------------------------------------+---------------+-------------+------------+


+-------------------------------------------------------------------------------------------------------------------------------+
; Flow Elapsed Time                                                                                                             ;
+---------------------------+--------------+-------------------------+---------------------+------------------------------------+
; Module Name               ; Elapsed Time ; Average Processors Used ; Peak Virtual Memory ; Total CPU Time (on all processors) ;
+---------------------------+--------------+-------------------------+---------------------+------------------------------------+
; Analysis & Synthesis      ; 00:00:39     ; 1.0                     ; 4772 MB             ; 00:00:39                           ;
; Fitter                    ; 00:00:22     ; 1.0                     ; 5062 MB             ; 00:00:22                           ;
; Assembler                 ; 00:00:02     ; 1.0                     ; 4593 MB             ; 00:00:02                           ;
; TimeQuest Timing Analyzer ; 00:00:05     ; 1.0                     ; 4720 MB             ; 00:00:04                           ;
; Total                     ; 00:01:08     ; --                      ; --                  ; 00:01:07                           ;
+---------------------------+--------------+-------------------------+---------------------+------------------------------------+


+----------------------------------------------------------------------------------------+
; Flow OS Summary                                                                        ;
+---------------------------+------------------+-----------+------------+----------------+
; Module Name               ; Machine Hostname ; OS Name   ; OS Version ; Processor type ;
+---------------------------+------------------+-----------+------------+----------------+
; Analysis & Synthesis      ; SERVEUR          ; Windows 7 ; 6.2        ; x86_64         ;
; Fitter                    ; SERVEUR          ; Windows 7 ; 6.2        ; x86_64         ;
; Assembler                 ; SERVEUR          ; Windows 7 ; 6.2        ; x86_64         ;
; TimeQuest Timing Analyzer ; SERVEUR          ; Windows 7 ; 6.2        ; x86_64         ;
+---------------------------+------------------+-----------+------------+----------------+


------------
; Flow Log ;
------------
quartus_map --read_settings_files=on --write_settings_files=off SVI328_MiST -c SVI328_MiST
quartus_fit --read_settings_files=off --write_settings_files=off SVI328_MiST -c SVI328_MiST
quartus_asm --read_settings_files=off --write_settings_files=off SVI328_MiST -c SVI328_MiST
quartus_sta SVI328_MiST -c SVI328_MiST



